{"C:\\Users\\cyril\\Desktop\\hetic_web2\\Letterboxd-like\\frontend\\src\\components\\Loader.jsx": {"path":"C:\\Users\\cyril\\Desktop\\hetic_web2\\Letterboxd-like\\frontend\\src\\components\\Loader.jsx","statementMap":{"0":{"start":{"line":6,"column":17},"end":{"line":6,"column":null}},"1":{"start":{"line":8,"column":2},"end":{"line":16,"column":null}},"2":{"start":{"line":21,"column":2},"end":{"line":24,"column":null}},"3":{"start":{"line":29,"column":17},"end":{"line":29,"column":null}},"4":{"start":{"line":31,"column":2},"end":{"line":48,"column":null}},"5":{"start":{"line":53,"column":17},"end":{"line":53,"column":null}},"6":{"start":{"line":55,"column":2},"end":{"line":62,"column":null}}},"fnMap":{"0":{"name":"Loader","decl":{"start":{"line":5,"column":16},"end":{"line":5,"column":23}},"loc":{"start":{"line":5,"column":54},"end":{"line":18,"column":null}},"line":5},"1":{"name":"PageLoader","decl":{"start":{"line":20,"column":16},"end":{"line":20,"column":29}},"loc":{"start":{"line":20,"column":29},"end":{"line":26,"column":null}},"line":20},"2":{"name":"ErrorMessage","decl":{"start":{"line":28,"column":16},"end":{"line":28,"column":29}},"loc":{"start":{"line":28,"column":51},"end":{"line":50,"column":null}},"line":28},"3":{"name":"EmptyState","decl":{"start":{"line":52,"column":16},"end":{"line":52,"column":27}},"loc":{"start":{"line":52,"column":66},"end":{"line":64,"column":null}},"line":52}},"branchMap":{"0":{"loc":{"start":{"line":5,"column":25},"end":{"line":5,"column":51}},"type":"default-arg","locations":[{"start":{"line":5,"column":35},"end":{"line":5,"column":51}}],"line":5},"1":{"loc":{"start":{"line":9,"column":79},"end":{"line":9,"column":121}},"type":"cond-expr","locations":[{"start":{"line":9,"column":88},"end":{"line":9,"column":106}},{"start":{"line":9,"column":106},"end":{"line":9,"column":121}}],"line":9},"2":{"loc":{"start":{"line":11,"column":46},"end":{"line":11,"column":92}},"type":"cond-expr","locations":[{"start":{"line":11,"column":55},"end":{"line":11,"column":75}},{"start":{"line":11,"column":75},"end":{"line":11,"column":92}}],"line":11},"3":{"loc":{"start":{"line":32,"column":83},"end":{"line":32,"column":125}},"type":"cond-expr","locations":[{"start":{"line":32,"column":92},"end":{"line":32,"column":110}},{"start":{"line":32,"column":110},"end":{"line":32,"column":125}}],"line":32},"4":{"loc":{"start":{"line":33,"column":86},"end":{"line":33,"column":125}},"type":"cond-expr","locations":[{"start":{"line":33,"column":95},"end":{"line":33,"column":113}},{"start":{"line":33,"column":113},"end":{"line":33,"column":125}}],"line":33},"5":{"loc":{"start":{"line":40,"column":7},"end":{"line":46,"column":null}},"type":"binary-expr","locations":[{"start":{"line":40,"column":7},"end":{"line":40,"column":null}},{"start":{"line":41,"column":8},"end":{"line":46,"column":null}}],"line":40},"6":{"loc":{"start":{"line":52,"column":51},"end":{"line":52,"column":63}},"type":"default-arg","locations":[{"start":{"line":52,"column":58},"end":{"line":52,"column":63}}],"line":52},"7":{"loc":{"start":{"line":56,"column":83},"end":{"line":56,"column":125}},"type":"cond-expr","locations":[{"start":{"line":56,"column":92},"end":{"line":56,"column":110}},{"start":{"line":56,"column":110},"end":{"line":56,"column":125}}],"line":56},"8":{"loc":{"start":{"line":57,"column":86},"end":{"line":57,"column":124}},"type":"cond-expr","locations":[{"start":{"line":57,"column":95},"end":{"line":57,"column":111}},{"start":{"line":57,"column":111},"end":{"line":57,"column":124}}],"line":57}},"s":{"0":5,"1":5,"2":1,"3":0,"4":0,"5":0,"6":0},"f":{"0":5,"1":1,"2":0,"3":0},"b":{"0":[5],"1":[4,1],"2":[4,1],"3":[0,0],"4":[0,0],"5":[0,0],"6":[0],"7":[0,0],"8":[0,0]},"meta":{"lastBranch":9,"lastFunction":4,"lastStatement":7,"seen":{"f:5:16:5:23":0,"b:5:35:5:51":0,"s:6:17:6:Infinity":0,"s:8:2:16:Infinity":1,"b:9:88:9:106:9:106:9:121":1,"b:11:55:11:75:11:75:11:92":2,"f:20:16:20:29":1,"s:21:2:24:Infinity":2,"f:28:16:28:29":2,"s:29:17:29:Infinity":3,"s:31:2:48:Infinity":4,"b:32:92:32:110:32:110:32:125":3,"b:33:95:33:113:33:113:33:125":4,"b:40:7:40:Infinity:41:8:46:Infinity":5,"f:52:16:52:27":3,"b:52:58:52:63":6,"s:53:17:53:Infinity":5,"s:55:2:62:Infinity":6,"b:56:92:56:110:56:110:56:125":7,"b:57:95:57:111:57:111:57:124":8}}}
,"C:\\Users\\cyril\\Desktop\\hetic_web2\\Letterboxd-like\\frontend\\src\\components\\MovieCard.jsx": {"path":"C:\\Users\\cyril\\Desktop\\hetic_web2\\Letterboxd-like\\frontend\\src\\components\\MovieCard.jsx","statementMap":{"0":{"start":{"line":6,"column":16},"end":{"line":6,"column":null}},"1":{"start":{"line":7,"column":17},"end":{"line":7,"column":null}},"2":{"start":{"line":8,"column":17},"end":{"line":8,"column":null}},"3":{"start":{"line":9,"column":15},"end":{"line":9,"column":null}},"4":{"start":{"line":10,"column":13},"end":{"line":10,"column":null}},"5":{"start":{"line":13,"column":2},"end":{"line":13,"column":null}},"6":{"start":{"line":13,"column":35},"end":{"line":13,"column":null}},"7":{"start":{"line":15,"column":2},"end":{"line":51,"column":null}},"8":{"start":{"line":56,"column":2},"end":{"line":63,"column":null}}},"fnMap":{"0":{"name":"MovieCard","decl":{"start":{"line":4,"column":16},"end":{"line":4,"column":26}},"loc":{"start":{"line":4,"column":64},"end":{"line":53,"column":null}},"line":4},"1":{"name":"MovieCardSkeleton","decl":{"start":{"line":55,"column":16},"end":{"line":55,"column":36}},"loc":{"start":{"line":55,"column":36},"end":{"line":65,"column":null}},"line":55}},"branchMap":{"0":{"loc":{"start":{"line":4,"column":35},"end":{"line":4,"column":61}},"type":"default-arg","locations":[{"start":{"line":4,"column":55},"end":{"line":4,"column":61}}],"line":4},"1":{"loc":{"start":{"line":6,"column":16},"end":{"line":6,"column":null}},"type":"binary-expr","locations":[{"start":{"line":6,"column":16},"end":{"line":6,"column":31}},{"start":{"line":6,"column":31},"end":{"line":6,"column":46}},{"start":{"line":6,"column":46},"end":{"line":6,"column":null}}],"line":6},"2":{"loc":{"start":{"line":7,"column":17},"end":{"line":7,"column":null}},"type":"binary-expr","locations":[{"start":{"line":7,"column":17},"end":{"line":7,"column":33}},{"start":{"line":7,"column":33},"end":{"line":7,"column":null}}],"line":7},"3":{"loc":{"start":{"line":8,"column":17},"end":{"line":8,"column":null}},"type":"binary-expr","locations":[{"start":{"line":8,"column":17},"end":{"line":8,"column":37}},{"start":{"line":8,"column":37},"end":{"line":8,"column":null}}],"line":8},"4":{"loc":{"start":{"line":9,"column":15},"end":{"line":9,"column":null}},"type":"binary-expr","locations":[{"start":{"line":9,"column":15},"end":{"line":9,"column":29}},{"start":{"line":9,"column":29},"end":{"line":9,"column":null}}],"line":9},"5":{"loc":{"start":{"line":10,"column":13},"end":{"line":10,"column":null}},"type":"binary-expr","locations":[{"start":{"line":10,"column":13},"end":{"line":10,"column":29}},{"start":{"line":10,"column":29},"end":{"line":10,"column":null}}],"line":10},"6":{"loc":{"start":{"line":13,"column":2},"end":{"line":13,"column":null}},"type":"if","locations":[{"start":{"line":13,"column":2},"end":{"line":13,"column":null}},{"start":{},"end":{}}],"line":13},"7":{"loc":{"start":{"line":13,"column":6},"end":{"line":13,"column":35}},"type":"binary-expr","locations":[{"start":{"line":13,"column":6},"end":{"line":13,"column":17}},{"start":{"line":13,"column":17},"end":{"line":13,"column":35}}],"line":13},"8":{"loc":{"start":{"line":34,"column":11},"end":{"line":38,"column":null}},"type":"binary-expr","locations":[{"start":{"line":34,"column":11},"end":{"line":34,"column":21}},{"start":{"line":34,"column":21},"end":{"line":34,"column":null}},{"start":{"line":35,"column":12},"end":{"line":38,"column":null}}],"line":34}},"s":{"0":5,"1":5,"2":5,"3":5,"4":5,"5":5,"6":2,"7":3,"8":0},"f":{"0":5,"1":0},"b":{"0":[5],"1":[5,3,2],"2":[5,2],"3":[5,3],"4":[5,3],"5":[5,0],"6":[2,3],"7":[5,4],"8":[3,1,1]},"meta":{"lastBranch":9,"lastFunction":2,"lastStatement":9,"seen":{"f:4:16:4:26":0,"b:4:55:4:61":0,"s:6:16:6:Infinity":0,"b:6:16:6:31:6:31:6:46:6:46:6:Infinity":1,"s:7:17:7:Infinity":1,"b:7:17:7:33:7:33:7:Infinity":2,"s:8:17:8:Infinity":2,"b:8:17:8:37:8:37:8:Infinity":3,"s:9:15:9:Infinity":3,"b:9:15:9:29:9:29:9:Infinity":4,"s:10:13:10:Infinity":4,"b:10:13:10:29:10:29:10:Infinity":5,"b:13:2:13:Infinity:undefined:undefined:undefined:undefined":6,"s:13:2:13:Infinity":5,"b:13:6:13:17:13:17:13:35":7,"s:13:35:13:Infinity":6,"s:15:2:51:Infinity":7,"b:34:11:34:21:34:21:34:Infinity:35:12:38:Infinity":8,"f:55:16:55:36":1,"s:56:2:63:Infinity":8}}}
,"C:\\Users\\cyril\\Desktop\\hetic_web2\\Letterboxd-like\\frontend\\src\\lib\\fonctions\\contexts.js": {"path":"C:\\Users\\cyril\\Desktop\\hetic_web2\\Letterboxd-like\\frontend\\src\\lib\\fonctions\\contexts.js","statementMap":{"0":{"start":{"line":4,"column":27},"end":{"line":7,"column":2}},"1":{"start":{"line":10,"column":26},"end":{"line":15,"column":2}},"2":{"start":{"line":12,"column":15},"end":{"line":12,"column":20}},"3":{"start":{"line":13,"column":18},"end":{"line":13,"column":23}}},"fnMap":{"0":{"name":"(anonymous_0)","decl":{"start":{"line":6,"column":15},"end":{"line":6,"column":16}},"loc":{"start":{"line":6,"column":21},"end":{"line":6,"column":23}},"line":6},"1":{"name":"(anonymous_1)","decl":{"start":{"line":12,"column":9},"end":{"line":12,"column":10}},"loc":{"start":{"line":12,"column":15},"end":{"line":12,"column":20}},"line":12},"2":{"name":"(anonymous_2)","decl":{"start":{"line":13,"column":12},"end":{"line":13,"column":13}},"loc":{"start":{"line":13,"column":18},"end":{"line":13,"column":23}},"line":13},"3":{"name":"(anonymous_3)","decl":{"start":{"line":14,"column":10},"end":{"line":14,"column":11}},"loc":{"start":{"line":14,"column":16},"end":{"line":14,"column":18}},"line":14}},"branchMap":{},"s":{"0":2,"1":2,"2":0,"3":0},"f":{"0":0,"1":0,"2":0,"3":0},"b":{},"meta":{"lastBranch":0,"lastFunction":4,"lastStatement":4,"seen":{"s:4:27:7:2":0,"f:6:15:6:16":0,"s:10:26:15:2":1,"f:12:9:12:10":1,"s:12:15:12:20":2,"f:13:12:13:13":2,"s:13:18:13:23":3,"f:14:10:14:11":3}}}
}
