TN:
SF:src\components\Loader.jsx
FN:5,Loader
FN:20,PageLoader
FN:28,ErrorMessage
FN:52,EmptyState
FNF:4
FNH:2
FNDA:5,Loader
FNDA:1,PageLoader
FNDA:0,ErrorMessage
FNDA:0,EmptyState
DA:6,5
DA:8,5
DA:21,1
DA:29,0
DA:31,0
DA:53,0
DA:55,0
LF:7
LH:3
BRDA:5,0,0,5
BRDA:9,1,0,4
BRDA:9,1,1,1
BRDA:11,2,0,4
BRDA:11,2,1,1
BRDA:32,3,0,0
BRDA:32,3,1,0
BRDA:33,4,0,0
BRDA:33,4,1,0
BRDA:40,5,0,0
BRDA:40,5,1,0
BRDA:52,6,0,0
BRDA:56,7,0,0
BRDA:56,7,1,0
BRDA:57,8,0,0
BRDA:57,8,1,0
BRF:16
BRH:5
end_of_record
TN:
SF:src\components\MovieCard.jsx
FN:4,MovieCard
FN:55,MovieCardSkeleton
FNF:2
FNH:1
FNDA:5,MovieCard
FNDA:0,MovieCardSkeleton
DA:6,5
DA:7,5
DA:8,5
DA:9,5
DA:10,5
DA:13,5
DA:15,3
DA:56,0
LF:8
LH:7
BRDA:4,0,0,5
BRDA:6,1,0,5
BRDA:6,1,1,3
BRDA:6,1,2,2
BRDA:7,2,0,5
BRDA:7,2,1,2
BRDA:8,3,0,5
BRDA:8,3,1,3
BRDA:9,4,0,5
BRDA:9,4,1,3
BRDA:10,5,0,5
BRDA:10,5,1,0
BRDA:13,6,0,2
BRDA:13,6,1,3
BRDA:13,7,0,5
BRDA:13,7,1,4
BRDA:34,8,0,3
BRDA:34,8,1,1
BRDA:34,8,2,1
BRF:19
BRH:18
end_of_record
TN:
SF:src\lib\fonctions\contexts.js
FN:6,(anonymous_0)
FN:12,(anonymous_1)
FN:13,(anonymous_2)
FN:14,(anonymous_3)
FNF:4
FNH:0
FNDA:0,(anonymous_0)
FNDA:0,(anonymous_1)
FNDA:0,(anonymous_2)
FNDA:0,(anonymous_3)
DA:4,2
DA:10,2
DA:12,0
DA:13,0
LF:4
LH:2
BRF:0
BRH:0
end_of_record
